<?xml version="1.0" encoding="UTF-8"?>
<!-- Generated by org.testng.reporters.JUnitReportReporter -->
<testsuite hostname="DESKTOP-FB2PVI9" name="Automtn.DemoB" tests="1" failures="0" timestamp="20 Sep 2018 04:11:26 GMT" time="0.015" errors="0">
  <testcase name="testB" time="0.015" classname="Automtn.DemoB"/>
</testsuite> <!-- Automtn.DemoB -->
