<?xml version="1.0" encoding="UTF-8"?>
<!-- Generated by org.testng.reporters.JUnitReportReporter -->
<testsuite hostname="DESKTOP-FB2PVI9" name="ProprtyHandlng.DemoB" tests="1" failures="0" timestamp="6 Oct 2018 20:25:15 GMT" time="2.764" errors="0">
  <testcase name="testA" time="2.764" classname="ProprtyHandlng.DemoB"/>
</testsuite> <!-- ProprtyHandlng.DemoB -->
