<?xml version="1.0" encoding="UTF-8"?>
<!-- Generated by org.testng.reporters.JUnitReportReporter -->
<testsuite hostname="DESKTOP-FB2PVI9" name="HN.HubNod" tests="1" failures="0" timestamp="11 Mar 2019 14:55:49 GMT" time="23.550" errors="0">
  <testcase name="testGrid" time="23.550" classname="HN.HubNod"/>
</testsuite> <!-- HN.HubNod -->
