<?xml version="1.0" encoding="UTF-8"?>
<!-- Generated by org.testng.reporters.JUnitReportReporter -->
<testsuite hostname="DESKTOP-FB2PVI9" name="script.DemoA" tests="1" failures="0" timestamp="23 Oct 2018 05:30:38 GMT" time="31.875" errors="0">
  <testcase name="testA" time="31.875" classname="script.DemoA"/>
</testsuite> <!-- script.DemoA -->
