<?xml version="1.0" encoding="UTF-8"?>
<!-- Generated by org.testng.reporters.JUnitReportReporter -->
<testsuite hostname="DESKTOP-FB2PVI9" name="Automtn.DemoC" tests="6" failures="0" timestamp="31 Oct 2018 06:24:55 GMT" time="0.094" errors="0">
  <testcase name="createUser" time="0.016" classname="Automtn.DemoC"/>
  <testcase name="deleteUser" time="0.000" classname="Automtn.DemoC"/>
  <testcase name="editUser" time="0.031" classname="Automtn.DemoC"/>
  <testcase name="editUser" time="0.016" classname="Automtn.DemoC"/>
  <testcase name="deleteUser" time="0.000" classname="Automtn.DemoC"/>
  <testcase name="editUser" time="0.031" classname="Automtn.DemoC"/>
</testsuite> <!-- Automtn.DemoC -->
