<?xml version="1.0" encoding="UTF-8"?>
<!-- Generated by org.testng.reporters.JUnitReportReporter -->
<testsuite hostname="DESKTOP-FB2PVI9" name="Automtn.DemoA" tests="1" failures="0" timestamp="20 Sep 2018 04:11:26 GMT" time="0.031" errors="0">
  <testcase name="testA" time="0.031" classname="Automtn.DemoA"/>
</testsuite> <!-- Automtn.DemoA -->
