<?xml version="1.0" encoding="UTF-8"?>
<!-- Generated by org.testng.reporters.JUnitReportReporter -->
<testsuite hostname="DESKTOP-FB2PVI9" name="Muharam.DemoTestNgGroups" tests="5" failures="0" timestamp="11 Mar 2019 10:29:37 GMT" time="0.030" errors="0">
  <testcase name="deleteuser" time="0.005" classname="Muharam.DemoTestNgGroups"/>
  <testcase name="createuser" time="0.003" classname="Muharam.DemoTestNgGroups"/>
  <testcase name="createuser" time="0.003" classname="Muharam.DemoTestNgGroups"/>
  <testcase name="createProduct" time="0.016" classname="Muharam.DemoTestNgGroups"/>
  <testcase name="deleteProduct" time="0.003" classname="Muharam.DemoTestNgGroups"/>
</testsuite> <!-- Muharam.DemoTestNgGroups -->
