<?xml version="1.0" encoding="UTF-8"?>
<!-- Generated by org.testng.reporters.JUnitReportReporter -->
<testsuite hostname="DESKTOP-FB2PVI9" name="Muharam.DemoDataProvider" tests="2" failures="0" timestamp="11 Mar 2019 10:23:25 GMT" time="0.032" errors="0">
  <testcase name="createUser" time="0.004" classname="Muharam.DemoDataProvider"/>
  <testcase name="createUser" time="0.028" classname="Muharam.DemoDataProvider"/>
</testsuite> <!-- Muharam.DemoDataProvider -->
