<?xml version="1.0" encoding="UTF-8"?>
<!-- Generated by org.testng.reporters.JUnitReportReporter -->
<testsuite hostname="DESKTOP-FB2PVI9" name="Muharam.DemoD" tests="2" failures="0" timestamp="24 Sep 2018 03:14:16 GMT" time="0.037" errors="0">
  <testcase name="createUser" time="0.005" classname="Muharam.DemoD"/>
  <testcase name="createUser" time="0.032" classname="Muharam.DemoD"/>
</testsuite> <!-- Muharam.DemoD -->
