<?xml version="1.0" encoding="UTF-8"?>
<!-- Generated by org.testng.reporters.JUnitReportReporter -->
<testsuite hostname="DESKTOP-FB2PVI9" name="Muharam.DemoB" tests="2" failures="0" timestamp="4 Oct 2018 07:22:41 GMT" time="0.029" errors="0">
  <testcase name="testB2" time="0.008" classname="Muharam.DemoB"/>
  <testcase name="testB1" time="0.021" classname="Muharam.DemoB"/>
</testsuite> <!-- Muharam.DemoB -->
