<?xml version="1.0" encoding="UTF-8"?>
<!-- Generated by org.testng.reporters.JUnitReportReporter -->
<testsuite hostname="DESKTOP-FB2PVI9" name="Muharam.TestNGParamtr" tests="1" failures="0" timestamp="26 Sep 2018 03:51:52 GMT" time="0.036" errors="0">
  <testcase name="testA" time="0.036" classname="Muharam.TestNGParamtr"/>
</testsuite> <!-- Muharam.TestNGParamtr -->
