<?xml version="1.0" encoding="UTF-8"?>
<!-- Generated by org.testng.reporters.JUnitReportReporter -->
<testsuite hostname="DESKTOP-FB2PVI9" name="Muharam.DemoA" tests="1" failures="0" timestamp="31 Oct 2018 06:35:59 GMT" time="0.016" errors="0">
  <testcase name="testA" time="0.016" classname="Muharam.DemoA"/>
</testsuite> <!-- Muharam.DemoA -->
